<?xml version="1.0" encoding="UTF-8"?>
<testng-results skipped="0" failed="0" ignored="0" total="2" passed="2">
  <reporter-output>
  </reporter-output>
  <suite name="Suite" duration-ms="47" started-at="2019-09-20T12:31:26Z" finished-at="2019-09-20T12:31:26Z">
    <groups>
    </groups>
    <test name="Test" duration-ms="47" started-at="2019-09-20T12:31:26Z" finished-at="2019-09-20T12:31:26Z">
      <class name="qaclickacademy.seleniumiTest">
        <test-method status="PASS" signature="defaultt()[pri:0, instance:qaclickacademy.seleniumiTest@7e0ea639]" name="defaultt" duration-ms="16" started-at="2019-09-20T18:01:26Z" finished-at="2019-09-20T18:01:26Z">
          <reporter-output>
          </reporter-output>
        </test-method> <!-- defaultt -->
        <test-method status="PASS" signature="rundemo()[pri:0, instance:qaclickacademy.seleniumiTest@7e0ea639]" name="rundemo" duration-ms="0" started-at="2019-09-20T18:01:26Z" finished-at="2019-09-20T18:01:26Z">
          <reporter-output>
          </reporter-output>
        </test-method> <!-- rundemo -->
      </class> <!-- qaclickacademy.seleniumiTest -->
    </test> <!-- Test -->
  </suite> <!-- Suite -->
</testng-results>
