<?xml version="1.0" encoding="UTF-8"?>
<testng-results skipped="0" failed="0" ignored="0" total="2" passed="2">
  <reporter-output>
  </reporter-output>
  <suite name="Default suite" duration-ms="47" started-at="2019-09-26T16:05:25Z" finished-at="2019-09-26T16:05:25Z">
    <groups>
    </groups>
    <test name="Default test" duration-ms="47" started-at="2019-09-26T16:05:25Z" finished-at="2019-09-26T16:05:25Z">
      <class name="qaclickacademy.seleniumiTest">
        <test-method status="PASS" signature="defaultt()[pri:0, instance:qaclickacademy.seleniumiTest@7c16905e]" name="defaultt" duration-ms="16" started-at="2019-09-26T21:35:25Z" finished-at="2019-09-26T21:35:25Z">
          <reporter-output>
          </reporter-output>
        </test-method> <!-- defaultt -->
        <test-method status="PASS" signature="rundemo()[pri:0, instance:qaclickacademy.seleniumiTest@7c16905e]" name="rundemo" duration-ms="16" started-at="2019-09-26T21:35:25Z" finished-at="2019-09-26T21:35:25Z">
          <reporter-output>
          </reporter-output>
        </test-method> <!-- rundemo -->
      </class> <!-- qaclickacademy.seleniumiTest -->
    </test> <!-- Default test -->
  </suite> <!-- Default suite -->
</testng-results>
